23:52:43.431 [main] WARN  org.hibernate.orm.deprecation - HHH90000025: PostgreSQLDialect does not need to be specified explicitly using 'hibernate.dialect' (remove the property setting and it will be selected by default)
23:52:46.976 [main] WARN  o.h.e.jdbc.spi.SqlExceptionHelper - SQL Warning Code: 0, SQLState: 00000
23:52:46.977 [main] WARN  o.h.e.jdbc.spi.SqlExceptionHelper - relation "account" does not exist, skipping
23:52:46.980 [main] WARN  o.h.e.jdbc.spi.SqlExceptionHelper - SQL Warning Code: 0, SQLState: 00000
23:52:46.981 [main] WARN  o.h.e.jdbc.spi.SqlExceptionHelper - relation "person_emails" does not exist, skipping
23:52:46.983 [main] WARN  o.h.e.jdbc.spi.SqlExceptionHelper - SQL Warning Code: 0, SQLState: 00000
23:52:46.984 [main] WARN  o.h.e.jdbc.spi.SqlExceptionHelper - relation "person_phones" does not exist, skipping
23:52:46.986 [main] WARN  o.h.e.jdbc.spi.SqlExceptionHelper - SQL Warning Code: 0, SQLState: 00000
23:52:46.986 [main] WARN  o.h.e.jdbc.spi.SqlExceptionHelper - relation "token" does not exist, skipping
23:52:46.989 [main] WARN  o.h.e.jdbc.spi.SqlExceptionHelper - SQL Warning Code: 0, SQLState: 00000
23:52:46.989 [main] WARN  o.h.e.jdbc.spi.SqlExceptionHelper - table "account" does not exist, skipping
23:52:46.992 [main] WARN  o.h.e.jdbc.spi.SqlExceptionHelper - SQL Warning Code: 0, SQLState: 00000
23:52:46.992 [main] WARN  o.h.e.jdbc.spi.SqlExceptionHelper - table "person" does not exist, skipping
23:52:46.995 [main] WARN  o.h.e.jdbc.spi.SqlExceptionHelper - SQL Warning Code: 0, SQLState: 00000
23:52:46.995 [main] WARN  o.h.e.jdbc.spi.SqlExceptionHelper - table "person_emails" does not exist, skipping
23:52:46.998 [main] WARN  o.h.e.jdbc.spi.SqlExceptionHelper - SQL Warning Code: 0, SQLState: 00000
23:52:46.998 [main] WARN  o.h.e.jdbc.spi.SqlExceptionHelper - table "person_phones" does not exist, skipping
23:52:47.001 [main] WARN  o.h.e.jdbc.spi.SqlExceptionHelper - SQL Warning Code: 0, SQLState: 00000
23:52:47.001 [main] WARN  o.h.e.jdbc.spi.SqlExceptionHelper - table "token" does not exist, skipping
23:52:47.004 [main] WARN  o.h.e.jdbc.spi.SqlExceptionHelper - SQL Warning Code: 0, SQLState: 00000
23:52:47.004 [main] WARN  o.h.e.jdbc.spi.SqlExceptionHelper - sequence "token_seq" does not exist, skipping
23:52:50.769 [main] WARN  o.s.b.a.o.j.JpaBaseConfiguration$JpaWebConfiguration - spring.jpa.open-in-view is enabled by default. Therefore, database queries may be performed during view rendering. Explicitly configure spring.jpa.open-in-view to disable this warning
